{"timestamp":"2026-03-26T19:06:04.727Z","action":"START_TRIAD_SCAN","target":"www.pnb.bank.in","user":"hackathon_user"}
{"timestamp": "2026-03-26T20:02:43.001145", "action": "START_TRIAD_SCAN", "target": "www.pnb.bank.in", "user": "hackathon_user"}
{"timestamp": "2026-03-26T20:02:43.559214", "action": "COMPLETE_TRIAD_SCAN", "scan_id": "scan_1774535563001", "qvs": 94}
{"timestamp": "2026-03-26T20:03:10.519881", "action": "START_TRIAD_SCAN", "target": "www.pnb.bank.in", "user": "hackathon_user"}
{"timestamp": "2026-03-26T20:03:11.420231", "action": "COMPLETE_TRIAD_SCAN", "scan_id": "scan_1774535590519", "qvs": 94}
{"timestamp": "2026-03-26T20:06:19.135850", "action": "START_TRIAD_SCAN", "target": "www.pnb.bank.in", "user": "hackathon_user"}
{"timestamp": "2026-03-26T20:06:22.341103", "action": "COMPLETE_TRIAD_SCAN", "scan_id": "scan_1774535779137", "qvs": 94}
{"timestamp": "2026-03-26T20:07:19.029986", "action": "START_TRIAD_SCAN", "target": "www.pnb.bank.in", "user": "hackathon_user"}
{"timestamp": "2026-03-26T20:07:22.262189", "action": "COMPLETE_TRIAD_SCAN", "scan_id": "scan_1774535839032", "qvs": 94}
{"timestamp": "2026-03-26T20:08:13.681358", "action": "START_TRIAD_SCAN", "target": "www.pnb.bank.in", "user": "hackathon_user"}
{"timestamp": "2026-03-26T20:08:17.630082", "action": "COMPLETE_TRIAD_SCAN", "scan_id": "scan_1774535893682", "qvs": 94}
{"timestamp": "2026-03-26T20:09:50.588191", "action": "START_TRIAD_SCAN", "target": "www.pnb.bank.in", "user": "hackathon_user"}
{"timestamp": "2026-03-26T20:09:51.778998", "action": "COMPLETE_TRIAD_SCAN", "scan_id": "scan_1774535990590", "qvs": 94}
{"timestamp": "2026-03-26T20:11:41.079375", "action": "START_TRIAD_SCAN", "target": "www.pnb.bank.in", "user": "hackathon_user"}
{"timestamp": "2026-03-26T20:11:41.806803", "action": "COMPLETE_TRIAD_SCAN", "scan_id": "scan_1774536101079", "qvs": 94}
{"timestamp": "2026-03-26T20:12:43.001776", "action": "START_TRIAD_SCAN", "target": "www.pnb.bank.in", "user": "hackathon_user"}
{"timestamp": "2026-03-26T20:12:44.064405", "action": "COMPLETE_TRIAD_SCAN", "scan_id": "scan_1774536163004", "qvs": 94}
{"timestamp": "2026-03-26T20:13:23.615930", "action": "START_TRIAD_SCAN", "target": "www.pnb.bank.in", "user": "hackathon_user"}
{"timestamp": "2026-03-26T20:13:24.716298", "action": "COMPLETE_TRIAD_SCAN", "scan_id": "scan_1774536203615", "qvs": 94}
{"timestamp": "2026-03-26T20:16:20.566686", "action": "START_TRIAD_SCAN", "target": "www.pnb.bank.in", "user": "hackathon_user"}
{"timestamp": "2026-03-26T20:16:21.137701", "action": "COMPLETE_TRIAD_SCAN", "scan_id": "scan_1774536380566", "qvs": 94}
{"timestamp": "2026-03-26T20:18:15.000672", "action": "START_TRIAD_SCAN", "target": "www.pnb.bank.in", "user": "hackathon_user"}
{"timestamp": "2026-03-26T20:18:15.817672", "action": "COMPLETE_TRIAD_SCAN", "scan_id": "scan_1774536495000", "qvs": 94}
{"timestamp": "2026-03-26T20:21:55.628241", "action": "START_TRIAD_SCAN", "target": "www.pnb.bank.in", "user": "hackathon_user"}
{"timestamp": "2026-03-26T20:21:56.249593", "action": "COMPLETE_TRIAD_SCAN", "scan_id": "scan_1774536715628", "qvs": 94}
{"timestamp": "2026-03-26T20:22:09.252636", "action": "START_TRIAD_SCAN", "target": "www.pnb.bank.in", "user": "hackathon_user"}
{"timestamp": "2026-03-26T20:22:09.693468", "action": "COMPLETE_TRIAD_SCAN", "scan_id": "scan_1774536729253", "qvs": 94}
{"timestamp": "2026-03-26T20:23:54.599252", "action": "START_TRIAD_SCAN", "target": "www.pnb.bank.in", "user": "hackathon_user"}
{"timestamp": "2026-03-26T20:23:55.590804", "action": "COMPLETE_TRIAD_SCAN", "scan_id": "scan_1774536834599", "qvs": 94}
{"timestamp": "2026-03-26T20:25:02.181547", "action": "START_TRIAD_SCAN", "target": "www.pnb.bank.in", "user": "hackathon_user"}
{"timestamp": "2026-03-26T20:25:02.893925", "action": "COMPLETE_TRIAD_SCAN", "scan_id": "scan_1774536902181", "qvs": 94}
{"timestamp": "2026-03-26T20:34:47.814613", "action": "START_TRIAD_SCAN", "target": "www.pnb.bank.in", "user": "hackathon_user"}
{"timestamp": "2026-03-26T20:34:50.051691", "action": "COMPLETE_TRIAD_SCAN", "scan_id": "scan_1774537487814", "qvs": 94}
{"timestamp": "2026-03-27T03:52:13.882026", "action": "START_TRIAD_SCAN", "target": "www.pnb.bank.in", "user": "hackathon_user"}
{"timestamp": "2026-03-27T03:52:15.299051", "action": "COMPLETE_TRIAD_SCAN", "scan_id": "scan_1774563733882", "qvs": 94}
{"timestamp": "2026-03-27T04:14:52.541555", "action": "START_TRIAD_SCAN", "target": "www.pnb.bank.in", "user": "hackathon_user"}
{"timestamp": "2026-03-27T04:14:53.358779", "action": "COMPLETE_TRIAD_SCAN", "scan_id": "scan_1774565092541", "qvs": 94}
{"timestamp": "2026-03-27T04:18:05.053008", "action": "START_TRIAD_SCAN", "target": "www.pnb.bank.in", "user": "hackathon_user"}
{"timestamp": "2026-03-27T04:18:05.482664", "action": "COMPLETE_TRIAD_SCAN", "scan_id": "scan_1774565285053", "qvs": 94}
{"timestamp": "2026-03-27T04:19:19.282208", "action": "START_TRIAD_SCAN", "target": "www.pnb.bank.in", "user": "hackathon_user"}
{"timestamp": "2026-03-27T04:19:20.068441", "action": "COMPLETE_TRIAD_SCAN", "scan_id": "scan_1774565359282", "qvs": 94}
{"timestamp": "2026-03-27T04:23:35.010109", "action": "START_TRIAD_SCAN", "target": "www.pnb.bank.in", "user": "hackathon_user"}
{"timestamp": "2026-03-27T04:23:36.420321", "action": "COMPLETE_TRIAD_SCAN", "scan_id": "scan_1774565615010", "qvs": 94}
{"timestamp": "2026-03-27T04:34:05.568110", "action": "START_TRIAD_SCAN", "target": "www.pnb.bank.in", "user": "hackathon_user"}
{"timestamp": "2026-03-27T04:34:06.660810", "action": "COMPLETE_TRIAD_SCAN", "scan_id": "scan_1774566245572", "qvs": 94}
{"timestamp": "2026-03-27T04:44:56.445359", "action": "START_TRIAD_SCAN", "target": "www.pnb.bank.in", "user": "hackathon_user"}
{"timestamp": "2026-03-27T04:44:57.032394", "action": "COMPLETE_TRIAD_SCAN", "scan_id": "scan_1774566896445", "qvs": 94}
{"timestamp": "2026-03-27T05:32:38.767463", "action": "START_TRIAD_SCAN", "target": "www.pnb.bank.in", "user": "hackathon_user"}
{"timestamp": "2026-03-27T05:32:39.417356", "action": "COMPLETE_TRIAD_SCAN", "scan_id": "scan_1774569758793", "qvs": 94}
{"timestamp": "2026-03-27T05:40:48.976676", "action": "START_TRIAD_SCAN", "target": "www.pnb.bank.in", "user": "hackathon_user"}
{"timestamp": "2026-03-27T05:40:49.373118", "action": "COMPLETE_TRIAD_SCAN", "scan_id": "scan_1774570248976", "qvs": 94}
{"timestamp": "2026-03-27T05:53:09.913910", "action": "START_TRIAD_SCAN", "target": "www.pnb.bank.in", "user": "hackathon_user"}
{"timestamp": "2026-03-27T05:53:10.856540", "action": "COMPLETE_TRIAD_SCAN", "scan_id": "scan_1774570989921", "qvs": 94}
{"timestamp": "2026-03-27T06:26:37.823268", "action": "START_TRIAD_SCAN", "target": "www.pnb.bank.in", "user": "hackathon_user"}
{"timestamp": "2026-03-27T06:26:38.541265", "action": "COMPLETE_TRIAD_SCAN", "scan_id": "scan_1774572997823", "qvs": 94}
{"timestamp": "2026-03-27T07:27:32.573237", "action": "START_TRIAD_SCAN", "target": "www.pnb.bank.in", "user": "hackathon_user"}
{"timestamp": "2026-03-27T07:27:34.185862", "action": "COMPLETE_TRIAD_SCAN", "scan_id": "scan_1774576652573", "qvs": 94}
{"timestamp": "2026-03-27T07:47:33.995206", "action": "START_TRIAD_SCAN", "target": "www.pnb.bank.in", "user": "hackathon_user"}
{"timestamp": "2026-03-27T07:47:34.741403", "action": "COMPLETE_TRIAD_SCAN", "scan_id": "scan_1774577853995", "qvs": 94}
{"timestamp": "2026-03-27T07:49:56.642474", "action": "START_TRIAD_SCAN", "target": "www.pnb.bank.in", "user": "hackathon_user"}
{"timestamp": "2026-03-27T07:49:57.372977", "action": "COMPLETE_TRIAD_SCAN", "scan_id": "scan_1774577996642", "qvs": 94}
{"timestamp": "2026-03-27T07:51:22.118648", "action": "START_TRIAD_SCAN", "target": "www.pnb.bank.in", "user": "hackathon_user"}
{"timestamp": "2026-03-27T07:51:23.079074", "action": "COMPLETE_TRIAD_SCAN", "scan_id": "scan_1774578082118", "qvs": 94}
{"timestamp": "2026-03-27T08:04:48.157852", "action": "START_TRIAD_SCAN", "target": "www.pnb.bank.in", "user": "hackathon_user"}
{"timestamp": "2026-03-27T08:04:48.774257", "action": "COMPLETE_TRIAD_SCAN", "scan_id": "scan_1774578888159", "qvs": 94}
{"timestamp": "2026-03-27T08:07:32.753063", "action": "START_TRIAD_SCAN", "target": "www.pnb.bank.in", "user": "hackathon_user"}
{"timestamp": "2026-03-27T08:07:33.391319", "action": "COMPLETE_TRIAD_SCAN", "scan_id": "scan_1774579052753", "qvs": 94}
{"timestamp": "2026-03-27T08:09:58.949958", "action": "START_TRIAD_SCAN", "target": "www.pnb.bank.in", "user": "hackathon_user"}
{"timestamp": "2026-03-27T08:09:59.976346", "action": "COMPLETE_TRIAD_SCAN", "scan_id": "scan_1774579198949", "qvs": 94}
{"timestamp": "2026-03-27T08:11:36.145413", "action": "START_TRIAD_SCAN", "target": "www.pnb.bank.in", "user": "hackathon_user"}
{"timestamp": "2026-03-27T08:11:37.112873", "action": "COMPLETE_TRIAD_SCAN", "scan_id": "scan_1774579296145", "qvs": 94}
{"timestamp": "2026-03-27T08:11:48.323737", "action": "START_TRIAD_SCAN", "target": "www.pnb.bank.in", "user": "hackathon_user"}
{"timestamp": "2026-03-27T08:11:49.322371", "action": "COMPLETE_TRIAD_SCAN", "scan_id": "scan_1774579308323", "qvs": 94}
{"timestamp": "2026-03-27T08:52:00.595563", "action": "START_TRIAD_SCAN", "target": "www.pnb.bank.in", "user": "hackathon_user"}
{"timestamp": "2026-03-27T08:52:01.463055", "action": "COMPLETE_TRIAD_SCAN", "scan_id": "scan_1774581720595", "qvs": 94}
{"timestamp": "2026-03-27T09:17:42.661961", "action": "START_TRIAD_SCAN", "target": "www.pnb.bank.in", "user": "hackathon_user"}
{"timestamp": "2026-03-27T09:17:43.511929", "action": "COMPLETE_TRIAD_SCAN", "scan_id": "scan_1774583262661", "qvs": 94}
{"timestamp": "2026-03-27T16:20:33.472372", "action": "START_TRIAD_SCAN", "target": "www.pnb.bank.in", "user": "hackathon_user"}
{"timestamp": "2026-03-27T16:20:34.262656", "action": "COMPLETE_TRIAD_SCAN", "scan_id": "scan_1774608633672", "qvs": 94}
{"timestamp": "2026-03-27T16:23:05.341710", "action": "START_TRIAD_SCAN", "target": "www.pnb.bank.in", "user": "hackathon_user"}
{"timestamp": "2026-03-27T16:23:07.078956", "action": "COMPLETE_TRIAD_SCAN", "scan_id": "scan_1774608785341", "qvs": 94}
{"timestamp": "2026-03-27T16:55:25.835273", "action": "START_TRIAD_SCAN", "target": "www.pnb.bank.in", "user": "hackathon_user"}
{"timestamp": "2026-03-27T16:55:26.824286", "action": "COMPLETE_TRIAD_SCAN", "scan_id": "scan_1774610725835", "qvs": 94}
{"timestamp": "2026-03-27T16:56:39.404462", "action": "START_TRIAD_SCAN", "target": "www.pnb.bank.in", "user": "hackathon_user"}
{"timestamp": "2026-03-27T16:56:39.957404", "action": "COMPLETE_TRIAD_SCAN", "scan_id": "scan_1774610799405", "qvs": 94}
{"timestamp": "2026-03-27T17:24:12.386295", "action": "START_TRIAD_SCAN", "target": "www.pnb.bank.in", "user": "hackathon_user"}
{"timestamp": "2026-03-27T17:24:18.412426", "action": "COMPLETE_TRIAD_SCAN", "scan_id": "scan_1774612452386", "qvs": 94}
{"timestamp": "2026-03-27T17:24:23.552828", "action": "START_TRIAD_SCAN", "target": "www.pnb.bank.in", "user": "hackathon_user"}
{"timestamp": "2026-03-27T17:24:28.727253", "action": "COMPLETE_TRIAD_SCAN", "scan_id": "scan_1774612463552", "qvs": 94}
{"timestamp": "2026-03-29T18:52:51.934190", "action": "START_TRIAD_SCAN", "target": "www.pnb.bank.in", "user": "hackathon_user"}
{"timestamp": "2026-03-29T18:52:52.661812", "action": "COMPLETE_TRIAD_SCAN", "scan_id": "scan_1774790572057", "qvs": 95}
{"timestamp": "2026-03-29T18:56:06.731241", "action": "START_TRIAD_SCAN", "target": "www.pnb.bank.in", "user": "hackathon_user"}
{"timestamp": "2026-03-29T18:56:07.301031", "action": "COMPLETE_TRIAD_SCAN", "scan_id": "scan_1774790766733", "qvs": 95}
{"timestamp": "2026-03-29T19:33:45.860484", "action": "START_TRIAD_SCAN", "target": "www.pnb.bank.in", "user": "hackathon_user"}
{"timestamp": "2026-03-29T19:33:46.761854", "action": "COMPLETE_TRIAD_SCAN", "scan_id": "scan_1774793025860", "qvs": 95}
{"timestamp": "2026-03-31T13:42:03.005419", "action": "START_TRIAD_SCAN", "target": "www.pnb.bank.in", "user": "hackathon_user"}
{"timestamp": "2026-03-31T13:42:03.641297", "action": "COMPLETE_TRIAD_SCAN", "scan_id": "scan_1774944723101", "qvs": 95}
{"timestamp": "2026-04-01T10:42:59.899082", "action": "START_TRIAD_SCAN", "target": "www.pnb.bank.in", "user": "hackathon_user"}
{"timestamp": "2026-04-01T10:43:00.681611", "action": "COMPLETE_TRIAD_SCAN", "scan_id": "scan_1775020379905", "qvs": 95}
{"timestamp": "2026-04-01T10:52:29.284907", "action": "START_TRIAD_SCAN", "target": "www.pnb.bank.in", "user": "hackathon_user"}
{"timestamp": "2026-04-01T10:52:29.879474", "action": "COMPLETE_TRIAD_SCAN", "scan_id": "scan_1775020949284", "qvs": 95}
{"timestamp": "2026-04-01T10:55:17.649027", "action": "START_TRIAD_SCAN", "target": "manipurrural.bank.in", "user": "hackathon_user"}
{"timestamp": "2026-04-01T10:55:18.419920", "action": "COMPLETE_TRIAD_SCAN", "scan_id": "scan_1775021117650", "qvs": 96}
{"timestamp": "2026-04-01T10:58:20.643473", "action": "START_TRIAD_SCAN", "target": "manipurrural.bank.in", "user": "hackathon_user"}
{"timestamp": "2026-04-01T10:58:21.233925", "action": "COMPLETE_TRIAD_SCAN", "scan_id": "scan_1775021300643", "qvs": 96}
{"timestamp": "2026-04-06T16:44:14.533785", "action": "START_TRIAD_SCAN", "target": "www.pnb.bank.in", "user": "hackathon_user"}
{"timestamp": "2026-04-06T16:44:15.361974", "action": "COMPLETE_TRIAD_SCAN", "scan_id": "scan_1775474054533", "qvs": 95}
{"timestamp": "2026-04-06T17:10:30.015328", "action": "START_TRIAD_SCAN", "target": "www.pnb.bank.in", "user": "hackathon_user"}
{"timestamp": "2026-04-06T17:10:30.876331", "action": "COMPLETE_TRIAD_SCAN", "scan_id": "scan_1775475630015", "qvs": 97}
{"timestamp": "2026-04-06T17:10:57.921192", "action": "START_TRIAD_SCAN", "target": "manipurrural.bank.in", "user": "hackathon_user"}
{"timestamp": "2026-04-06T17:10:58.425987", "action": "COMPLETE_TRIAD_SCAN", "scan_id": "scan_1775475657924", "qvs": 98}
{"timestamp": "2026-04-06T17:12:44.429883", "action": "START_TRIAD_SCAN", "target": "manipurrural.bank.in", "user": "hackathon_user"}
{"timestamp": "2026-04-06T17:12:44.872550", "action": "COMPLETE_TRIAD_SCAN", "scan_id": "scan_1775475764429", "qvs": 98}
{"timestamp": "2026-04-06T17:13:07.337129", "action": "START_TRIAD_SCAN", "target": "www.pnb.bank.in", "user": "hackathon_user"}
{"timestamp": "2026-04-06T17:13:08.345815", "action": "COMPLETE_TRIAD_SCAN", "scan_id": "scan_1775475787337", "qvs": 97}
{"timestamp": "2026-04-06T17:13:32.166186", "action": "START_TRIAD_SCAN", "target": "manipurrural.bank.in", "user": "hackathon_user"}
{"timestamp": "2026-04-06T17:13:32.596783", "action": "COMPLETE_TRIAD_SCAN", "scan_id": "scan_1775475812167", "qvs": 98}
{"timestamp": "2026-04-06T17:13:44.617693", "action": "START_TRIAD_SCAN", "target": "manipurrural.bank.in", "user": "hackathon_user"}
{"timestamp": "2026-04-06T17:13:45.260409", "action": "COMPLETE_TRIAD_SCAN", "scan_id": "scan_1775475824617", "qvs": 98}
{"timestamp": "2026-04-06T17:13:52.210645", "action": "START_TRIAD_SCAN", "target": "www.pnb.bank.in", "user": "hackathon_user"}
{"timestamp": "2026-04-06T17:13:53.721872", "action": "COMPLETE_TRIAD_SCAN", "scan_id": "scan_1775475832210", "qvs": 97}
{"timestamp": "2026-04-06T17:14:29.809315", "action": "START_TRIAD_SCAN", "target": "www.pnb.bank.in", "user": "hackathon_user"}
{"timestamp": "2026-04-06T17:14:31.381670", "action": "COMPLETE_TRIAD_SCAN", "scan_id": "scan_1775475869809", "qvs": 95}
{"timestamp": "2026-04-06T17:23:19.376249", "action": "START_TRIAD_SCAN", "target": "www.pnb.bank.in", "user": "hackathon_user"}
{"timestamp": "2026-04-06T17:23:19.874620", "action": "COMPLETE_TRIAD_SCAN", "scan_id": "scan_1775476399376", "qvs": 97}
{"timestamp": "2026-04-06T17:23:49.218016", "action": "START_TRIAD_SCAN", "target": "www.pnb.bank.in", "user": "hackathon_user"}
{"timestamp": "2026-04-06T17:23:49.751117", "action": "COMPLETE_TRIAD_SCAN", "scan_id": "scan_1775476429218", "qvs": 97}
{"timestamp": "2026-04-06T17:23:54.153810", "action": "START_TRIAD_SCAN", "target": "www.pnb.bank.in", "user": "hackathon_user"}
{"timestamp": "2026-04-06T17:23:54.649813", "action": "COMPLETE_TRIAD_SCAN", "scan_id": "scan_1775476434154", "qvs": 97}
{"timestamp": "2026-04-06T17:24:11.180423", "action": "START_TRIAD_SCAN", "target": "www.manipurrural.bank.in", "user": "hackathon_user"}
{"timestamp": "2026-04-06T17:24:11.627600", "action": "COMPLETE_TRIAD_SCAN", "scan_id": "scan_1775476451283", "qvs": 98}
{"timestamp": "2026-04-06T17:24:21.214309", "action": "START_TRIAD_SCAN", "target": "www.pnb.bank.in", "user": "hackathon_user"}
{"timestamp": "2026-04-06T17:24:21.967185", "action": "COMPLETE_TRIAD_SCAN", "scan_id": "scan_1775476461214", "qvs": 97}
{"timestamp": "2026-04-06T17:24:46.355561", "action": "START_TRIAD_SCAN", "target": "www.manipurrural.bank.in", "user": "hackathon_user"}
{"timestamp": "2026-04-06T17:24:46.711286", "action": "COMPLETE_TRIAD_SCAN", "scan_id": "scan_1775476486355", "qvs": 98}
{"timestamp": "2026-04-06T17:32:27.493294", "action": "START_TRIAD_SCAN", "target": "www.manipurrural.bank.in", "user": "hackathon_user"}
{"timestamp": "2026-04-06T17:32:27.959960", "action": "COMPLETE_TRIAD_SCAN", "scan_id": "scan_1775476947493", "qvs": 98}
{"timestamp": "2026-04-06T17:32:39.784652", "action": "START_TRIAD_SCAN", "target": "www.pnb.bank.in", "user": "hackathon_user"}
{"timestamp": "2026-04-06T17:32:40.677175", "action": "COMPLETE_TRIAD_SCAN", "scan_id": "scan_1775476959784", "qvs": 97}
{"timestamp": "2026-04-06T17:34:54.190066", "action": "START_TRIAD_SCAN", "target": "www.pnb.bank.in", "user": "hackathon_user"}
{"timestamp": "2026-04-06T17:34:54.911229", "action": "COMPLETE_TRIAD_SCAN", "scan_id": "scan_1775477094191", "qvs": 97}
{"timestamp": "2026-04-06T17:38:49.868085", "action": "START_TRIAD_SCAN", "target": "www.pnb.bank.in", "user": "hackathon_user"}
{"timestamp": "2026-04-06T17:38:50.448974", "action": "COMPLETE_TRIAD_SCAN", "scan_id": "scan_1775477329868", "qvs": 97}
{"timestamp": "2026-04-06T17:50:21.724279", "action": "START_TRIAD_SCAN", "target": "pnb.bank.in", "user": "hackathon_user"}
{"timestamp": "2026-04-06T17:50:23.217502", "action": "COMPLETE_TRIAD_SCAN", "scan_id": "scan_1775478021724", "qvs": 97}
{"timestamp": "2026-04-06T17:55:11.128072", "action": "START_TRIAD_SCAN", "target": "www.pnb.bank.in", "user": "hackathon_user"}
{"timestamp": "2026-04-06T17:55:11.632530", "action": "COMPLETE_TRIAD_SCAN", "scan_id": "scan_1775478311128", "qvs": 97}
{"timestamp": "2026-04-06T18:05:40.688442", "action": "START_TRIAD_SCAN", "target": "www.pnb.bank.in", "user": "hackathon_user"}
{"timestamp": "2026-04-06T18:05:42.569583", "action": "COMPLETE_TRIAD_SCAN", "scan_id": "scan_1775478940689", "qvs": 95}
{"timestamp": "2026-04-06T18:06:49.150032", "action": "START_TRIAD_SCAN", "target": "www.pnb.bank.in", "user": "hackathon_user"}
{"timestamp": "2026-04-06T18:06:49.891989", "action": "COMPLETE_TRIAD_SCAN", "scan_id": "scan_1775479009155", "qvs": 95}
{"timestamp": "2026-04-06T18:07:21.051632", "action": "START_TRIAD_SCAN", "target": "edge.pnb.bank.in", "user": "hackathon_user"}
{"timestamp": "2026-04-06T18:07:22.268872", "action": "COMPLETE_TRIAD_SCAN", "scan_id": "scan_1775479041052", "qvs": 96}
{"timestamp": "2026-04-06T18:10:00.607544", "action": "START_TRIAD_SCAN", "target": "edge.pnb.bank.in", "user": "hackathon_user"}
{"timestamp": "2026-04-06T18:10:01.371059", "action": "COMPLETE_TRIAD_SCAN", "scan_id": "scan_1775479200607", "qvs": 96}
{"timestamp": "2026-04-06T18:10:27.020885", "action": "START_TRIAD_SCAN", "target": "www.manipurrural.bank.in", "user": "hackathon_user"}
{"timestamp": "2026-04-06T18:10:27.571914", "action": "COMPLETE_TRIAD_SCAN", "scan_id": "scan_1775479227020", "qvs": 96}
{"timestamp": "2026-04-06T18:19:02.684589", "action": "START_TRIAD_SCAN", "target": "rbi.org.in", "user": "hackathon_user"}
{"timestamp": "2026-04-06T18:19:04.374579", "action": "COMPLETE_TRIAD_SCAN", "scan_id": "scan_1775479742685", "qvs": 96}
{"timestamp": "2026-04-06T18:19:41.103728", "action": "START_TRIAD_SCAN", "target": "rbi.org.in", "user": "hackathon_user"}
{"timestamp": "2026-04-06T18:19:41.726530", "action": "COMPLETE_TRIAD_SCAN", "scan_id": "scan_1775479781103", "qvs": 96}
{"timestamp": "2026-04-06T18:23:02.854817", "action": "START_TRIAD_SCAN", "target": "pnb.bank.in", "user": "hackathon_user"}
{"timestamp": "2026-04-06T18:23:03.525057", "action": "COMPLETE_TRIAD_SCAN", "scan_id": "scan_1775479982854", "qvs": 95}
{"timestamp": "2026-04-06T18:23:21.563343", "action": "START_TRIAD_SCAN", "target": "meet.pnb.bank.in", "user": "hackathon_user"}
{"timestamp": "2026-04-06T18:23:21.987209", "action": "COMPLETE_TRIAD_SCAN", "scan_id": "scan_1775480001563", "qvs": 96}
{"timestamp": "2026-04-06T18:23:46.207480", "action": "START_TRIAD_SCAN", "target": "manipurrural.bank.in", "user": "hackathon_user"}
{"timestamp": "2026-04-06T18:23:46.838962", "action": "COMPLETE_TRIAD_SCAN", "scan_id": "scan_1775480026208", "qvs": 96}
{"timestamp": "2026-04-06T18:24:15.720697", "action": "START_TRIAD_SCAN", "target": "pnb.bank.in", "user": "hackathon_user"}
{"timestamp": "2026-04-06T18:24:16.506611", "action": "COMPLETE_TRIAD_SCAN", "scan_id": "scan_1775480055721", "qvs": 95}
{"timestamp": "2026-04-06T18:32:48.256856", "action": "START_TRIAD_SCAN", "target": "pnb.bank.in", "user": "hackathon_user"}
{"timestamp": "2026-04-06T18:32:49.282791", "action": "COMPLETE_TRIAD_SCAN", "scan_id": "scan_1775480568256", "qvs": 95}
{"timestamp": "2026-04-06T18:37:13.524381", "action": "START_TRIAD_SCAN", "target": "pnb.bank.in", "user": "hackathon_user"}
{"timestamp": "2026-04-06T18:37:14.008280", "action": "COMPLETE_TRIAD_SCAN", "scan_id": "scan_1775480833524", "qvs": 95}
{"timestamp": "2026-04-06T18:37:44.366194", "action": "START_TRIAD_SCAN", "target": "manipurrural.bank.in", "user": "hackathon_user"}
{"timestamp": "2026-04-06T18:37:44.703376", "action": "COMPLETE_TRIAD_SCAN", "scan_id": "scan_1775480864366", "qvs": 96}
{"timestamp": "2026-04-06T19:42:03.118761", "action": "START_TRIAD_SCAN", "target": "pnb.bank.in", "user": "hackathon_user"}
{"timestamp": "2026-04-06T19:42:03.751256", "action": "COMPLETE_TRIAD_SCAN", "scan_id": "scan_1775484723121", "qvs": 95}
{"timestamp": "2026-04-06T19:57:07.348703", "action": "START_TRIAD_SCAN", "target": "pnb.bank.in", "user": "hackathon_user"}
{"timestamp": "2026-04-06T19:57:08.451204", "action": "COMPLETE_TRIAD_SCAN", "scan_id": "scan_1775485627349", "qvs": 95}
{"timestamp": "2026-04-06T19:57:17.405816", "action": "START_TRIAD_SCAN", "target": "pnb.bank.in", "user": "hackathon_user"}
{"timestamp": "2026-04-06T19:57:18.712037", "action": "COMPLETE_TRIAD_SCAN", "scan_id": "scan_1775485637406", "qvs": 95}
{"timestamp": "2026-04-06T19:58:24.069936", "action": "START_TRIAD_SCAN", "target": "rbi.org.in", "user": "hackathon_user"}
{"timestamp": "2026-04-06T19:58:25.479705", "action": "COMPLETE_TRIAD_SCAN", "scan_id": "scan_1775485704070", "qvs": 96}
{"timestamp": "2026-04-06T19:58:33.808558", "action": "START_TRIAD_SCAN", "target": "rbi.org.in", "user": "hackathon_user"}
{"timestamp": "2026-04-06T19:58:34.512799", "action": "COMPLETE_TRIAD_SCAN", "scan_id": "scan_1775485713810", "qvs": 96}
{"timestamp": "2026-04-06T20:03:01.693117", "action": "START_TRIAD_SCAN", "target": "pnb.bank.in", "user": "hackathon_user"}
{"timestamp": "2026-04-06T20:03:02.476966", "action": "COMPLETE_TRIAD_SCAN", "scan_id": "scan_1775485981693", "qvs": 95}
{"timestamp": "2026-04-06T20:03:13.567549", "action": "START_TRIAD_SCAN", "target": "pnb.bank.in", "user": "hackathon_user"}
{"timestamp": "2026-04-06T20:03:14.585537", "action": "COMPLETE_TRIAD_SCAN", "scan_id": "scan_1775485993569", "qvs": 95}
{"timestamp": "2026-04-06T20:03:34.998755", "action": "START_TRIAD_SCAN", "target": "pnb.bank.in", "user": "hackathon_user"}
{"timestamp": "2026-04-06T20:03:36.539496", "action": "COMPLETE_TRIAD_SCAN", "scan_id": "scan_1775486015003", "qvs": 95}
{"timestamp": "2026-04-06T20:05:25.776927", "action": "START_TRIAD_SCAN", "target": "pnb.bank.in", "user": "hackathon_user"}
{"timestamp": "2026-04-06T20:05:26.448263", "action": "COMPLETE_TRIAD_SCAN", "scan_id": "scan_1775486125786", "qvs": 95}
{"timestamp": "2026-04-06T20:06:29.189693", "action": "START_TRIAD_SCAN", "target": "bankofbaroda.in", "user": "hackathon_user"}
{"timestamp": "2026-04-06T20:06:30.400436", "action": "COMPLETE_TRIAD_SCAN", "scan_id": "scan_1775486189190", "qvs": 97}
{"timestamp": "2026-04-06T20:06:39.222826", "action": "START_TRIAD_SCAN", "target": "bankofbaroda.in", "user": "hackathon_user"}
{"timestamp": "2026-04-06T20:06:39.932109", "action": "COMPLETE_TRIAD_SCAN", "scan_id": "scan_1775486199222", "qvs": 97}
{"timestamp": "2026-04-06T20:09:55.033928", "action": "START_TRIAD_SCAN", "target": "bankofbaroda.in", "user": "hackathon_user"}
{"timestamp": "2026-04-06T20:09:55.599180", "action": "COMPLETE_TRIAD_SCAN", "scan_id": "scan_1775486395125", "qvs": 97}
{"timestamp": "2026-04-06T20:14:17.199581", "action": "START_TRIAD_SCAN", "target": "icici.bank.in", "user": "hackathon_user"}
{"timestamp": "2026-04-06T20:14:17.683825", "action": "COMPLETE_TRIAD_SCAN", "scan_id": "scan_1775486657199", "qvs": 96}
{"timestamp": "2026-04-06T20:15:01.925571", "action": "START_TRIAD_SCAN", "target": "bankofbaroda.in", "user": "hackathon_user"}
{"timestamp": "2026-04-06T20:15:02.400292", "action": "COMPLETE_TRIAD_SCAN", "scan_id": "scan_1775486701926", "qvs": 97}
{"timestamp": "2026-04-06T20:16:52.363685", "action": "START_TRIAD_SCAN", "target": "www.pnb.bank.in", "user": "hackathon_user"}
{"timestamp": "2026-04-06T20:16:52.977837", "action": "COMPLETE_TRIAD_SCAN", "scan_id": "scan_1775486812364", "qvs": 95}
{"timestamp": "2026-04-06T20:25:41.307463", "action": "START_TRIAD_SCAN", "target": "manipurrural.bank.in", "user": "hackathon_user"}
{"timestamp": "2026-04-06T20:25:42.680944", "action": "COMPLETE_TRIAD_SCAN", "scan_id": "scan_1775487341308", "qvs": 96}
{"timestamp": "2026-04-06T20:25:51.394502", "action": "START_TRIAD_SCAN", "target": "manipurrural.bank.in", "user": "hackathon_user"}
{"timestamp": "2026-04-06T20:25:51.955986", "action": "COMPLETE_TRIAD_SCAN", "scan_id": "scan_1775487351397", "qvs": 96}
{"timestamp": "2026-04-06T20:51:25.264717", "action": "START_TRIAD_SCAN", "target": "rbi.org.in", "user": "hackathon_user"}
{"timestamp": "2026-04-06T20:51:25.897828", "action": "COMPLETE_TRIAD_SCAN", "scan_id": "scan_1775488885265", "qvs": 96}
{"timestamp": "2026-04-06T20:52:29.600147", "action": "START_TRIAD_SCAN", "target": "bankofbaroda.in", "user": "hackathon_user"}
{"timestamp": "2026-04-06T20:52:30.370009", "action": "COMPLETE_TRIAD_SCAN", "scan_id": "scan_1775488949600", "qvs": 97}
{"timestamp": "2026-04-06T20:52:50.227171", "action": "START_TRIAD_SCAN", "target": "sandbox.bankofbaroda.in", "user": "hackathon_user"}
{"timestamp": "2026-04-06T20:52:50.874007", "action": "COMPLETE_TRIAD_SCAN", "scan_id": "scan_1775488970227", "qvs": 96}
{"timestamp": "2026-04-06T21:13:56.340710", "action": "START_TRIAD_SCAN", "target": "manipurrural.bank.in", "user": "hackathon_user"}
{"timestamp": "2026-04-06T21:13:57.167827", "action": "COMPLETE_TRIAD_SCAN", "scan_id": "scan_1775490236341", "qvs": 96}
{"timestamp": "2026-04-06T21:20:40.609871", "action": "START_TRIAD_SCAN", "target": "pnb.bank.in", "user": "hackathon_user"}
{"timestamp": "2026-04-06T21:20:41.604652", "action": "COMPLETE_TRIAD_SCAN", "scan_id": "scan_1775490640611", "qvs": 95}
{"timestamp": "2026-04-06T21:20:51.293950", "action": "START_TRIAD_SCAN", "target": "pnb.bank.in", "user": "hackathon_user"}
{"timestamp": "2026-04-06T21:20:51.855341", "action": "COMPLETE_TRIAD_SCAN", "scan_id": "scan_1775490651296", "qvs": 95}
{"timestamp": "2026-04-06T21:23:22.143707", "action": "START_TRIAD_SCAN", "target": "pnb.bank.in", "user": "hackathon_user"}
{"timestamp": "2026-04-06T21:23:23.028171", "action": "COMPLETE_TRIAD_SCAN", "scan_id": "scan_1775490802143", "qvs": 95}
{"timestamp": "2026-04-06T21:23:32.673026", "action": "START_TRIAD_SCAN", "target": "pnb.bank.in", "user": "hackathon_user"}
{"timestamp": "2026-04-06T21:23:33.532943", "action": "COMPLETE_TRIAD_SCAN", "scan_id": "scan_1775490812674", "qvs": 95}
{"timestamp": "2026-04-06T21:27:42.724466", "action": "START_TRIAD_SCAN", "target": "manipurrural.bank.in", "user": "hackathon_user"}
{"timestamp": "2026-04-06T21:27:43.277433", "action": "COMPLETE_TRIAD_SCAN", "scan_id": "scan_1775491062734", "qvs": 96}
{"timestamp": "2026-04-06T21:28:02.856381", "action": "START_TRIAD_SCAN", "target": "manipurrural.bank.in", "user": "hackathon_user"}
{"timestamp": "2026-04-06T21:28:03.644496", "action": "COMPLETE_TRIAD_SCAN", "scan_id": "scan_1775491082857", "qvs": 96}
{"timestamp": "2026-04-06T21:30:32.065066", "action": "START_TRIAD_SCAN", "target": "edge-988.manipurrural.bank.in", "user": "hackathon_user"}
{"timestamp": "2026-04-06T21:30:32.445010", "action": "COMPLETE_TRIAD_SCAN", "scan_id": "scan_1775491232088", "qvs": 95}
{"timestamp": "2026-04-06T21:31:03.876801", "action": "START_TRIAD_SCAN", "target": "edge-897.edge-988.manipurrural.bank.in", "user": "hackathon_user"}
{"timestamp": "2026-04-06T21:31:04.193469", "action": "COMPLETE_TRIAD_SCAN", "scan_id": "scan_1775491263876", "qvs": 95}
{"timestamp": "2026-04-06T21:31:08.223295", "action": "START_TRIAD_SCAN", "target": "edge-897.edge-988.manipurrural.bank.in", "user": "hackathon_user"}
{"timestamp": "2026-04-06T21:31:08.434261", "action": "COMPLETE_TRIAD_SCAN", "scan_id": "scan_1775491268223", "qvs": 95}
{"timestamp": "2026-04-06T21:35:03.723917", "action": "START_TRIAD_SCAN", "target": "manipurrural.bank.in", "user": "hackathon_user"}
{"timestamp": "2026-04-06T21:35:06.560436", "action": "COMPLETE_TRIAD_SCAN", "scan_id": "scan_1775491503895", "qvs": 96}
{"timestamp": "2026-04-06T21:35:49.120943", "action": "START_TRIAD_SCAN", "target": "manipurrural.bank.in", "user": "hackathon_user"}
{"timestamp": "2026-04-06T21:35:51.776133", "action": "COMPLETE_TRIAD_SCAN", "scan_id": "scan_1775491549121", "qvs": 96}
{"timestamp": "2026-04-06T21:38:38.586411", "action": "START_TRIAD_SCAN", "target": "manipurrural.bank.in", "user": "hackathon_user"}
{"timestamp": "2026-04-06T21:38:39.234707", "action": "COMPLETE_TRIAD_SCAN", "scan_id": "scan_1775491718597", "qvs": 96}
{"timestamp": "2026-04-06T21:40:19.981605", "action": "START_TRIAD_SCAN", "target": "manipurrural.bank.in", "user": "hackathon_user"}
{"timestamp": "2026-04-06T21:40:20.622080", "action": "COMPLETE_TRIAD_SCAN", "scan_id": "scan_1775491819983", "qvs": 96}
{"timestamp": "2026-04-06T21:40:28.966731", "action": "START_TRIAD_SCAN", "target": "manipurrural.bank.in", "user": "hackathon_user"}
{"timestamp": "2026-04-06T21:40:29.556201", "action": "COMPLETE_TRIAD_SCAN", "scan_id": "scan_1775491828967", "qvs": 96}
{"timestamp": "2026-04-06T21:43:00.651374", "action": "START_TRIAD_SCAN", "target": "manipurrural.bank.in", "user": "hackathon_user"}
{"timestamp": "2026-04-06T21:43:01.316007", "action": "COMPLETE_TRIAD_SCAN", "scan_id": "scan_1775491980654", "qvs": 96}
{"timestamp": "2026-04-06T21:43:11.414059", "action": "START_TRIAD_SCAN", "target": "manipurrural.bank.in", "user": "hackathon_user"}
{"timestamp": "2026-04-06T21:43:11.843190", "action": "COMPLETE_TRIAD_SCAN", "scan_id": "scan_1775491991416", "qvs": 96}
{"timestamp": "2026-04-06T21:44:00.177099", "action": "START_TRIAD_SCAN", "target": "manipurrural.bank.in", "user": "hackathon_user"}
{"timestamp": "2026-04-06T21:44:00.938417", "action": "COMPLETE_TRIAD_SCAN", "scan_id": "scan_1775492040177", "qvs": 96}
{"timestamp": "2026-04-06T21:45:02.228218", "action": "START_TRIAD_SCAN", "target": "manipurrural.bank.in", "user": "hackathon_user"}
{"timestamp": "2026-04-06T21:45:03.519232", "action": "COMPLETE_TRIAD_SCAN", "scan_id": "scan_1775492102229", "qvs": 96}
{"timestamp": "2026-04-06T21:45:12.522124", "action": "START_TRIAD_SCAN", "target": "manipurrural.bank.in", "user": "hackathon_user"}
{"timestamp": "2026-04-06T21:45:13.208225", "action": "COMPLETE_TRIAD_SCAN", "scan_id": "scan_1775492112523", "qvs": 96}
{"timestamp": "2026-04-06T21:56:50.486327", "action": "START_TRIAD_SCAN", "target": "edge-107.manipurrural.bank.in", "user": "hackathon_user"}
{"timestamp": "2026-04-06T21:56:50.804605", "action": "COMPLETE_TRIAD_SCAN", "scan_id": "scan_1775492810516", "qvs": 95}
{"timestamp": "2026-04-06T21:57:03.582214", "action": "START_TRIAD_SCAN", "target": "bankofbaroda.in", "user": "hackathon_user"}
{"timestamp": "2026-04-06T21:57:04.640716", "action": "COMPLETE_TRIAD_SCAN", "scan_id": "scan_1775492823582", "qvs": 97}
{"timestamp": "2026-04-06T21:57:24.527566", "action": "START_TRIAD_SCAN", "target": "test.bankofbaroda.in", "user": "hackathon_user"}
{"timestamp": "2026-04-06T21:57:25.573511", "action": "COMPLETE_TRIAD_SCAN", "scan_id": "scan_1775492844527", "qvs": 96}
{"timestamp": "2026-04-08T09:14:34.824335", "action": "START_TRIAD_SCAN", "target": "bankofbaroda.bank.in", "user": "hackathon_user"}
{"timestamp": "2026-04-08T09:14:39.923256", "action": "COMPLETE_TRIAD_SCAN", "scan_id": "scan_1775619874897", "qvs": 92}
{"timestamp": "2026-04-08T09:20:42.044258", "action": "START_TRIAD_SCAN", "target": "bankofbaroda.bank.in", "user": "hackathon_user"}
{"timestamp": "2026-04-08T09:20:48.031905", "action": "COMPLETE_TRIAD_SCAN", "scan_id": "scan_1775620242045", "qvs": 92}
{"timestamp": "2026-04-08T09:21:36.319438", "action": "START_TRIAD_SCAN", "target": "bankofbaroda.bank.in", "user": "hackathon_user"}
{"timestamp": "2026-04-08T09:21:41.510722", "action": "COMPLETE_TRIAD_SCAN", "scan_id": "scan_1775620296319", "qvs": 92}
{"timestamp": "2026-04-08T09:24:34.881319", "action": "START_TRIAD_SCAN", "target": "pnb.bank.in", "user": "hackathon_user"}
{"timestamp": "2026-04-08T09:24:41.907634", "action": "COMPLETE_TRIAD_SCAN", "scan_id": "scan_1775620474881", "qvs": 90}
{"timestamp": "2026-04-08T09:27:07.944915", "action": "START_TRIAD_SCAN", "target": "www.pnb.bank.in", "user": "hackathon_user"}
{"timestamp": "2026-04-08T09:27:24.023161", "action": "COMPLETE_TRIAD_SCAN", "scan_id": "scan_1775620627946", "qvs": 89}
{"timestamp": "2026-04-08T09:29:00.522997", "action": "START_TRIAD_SCAN", "target": "pnb.bank.in", "user": "hackathon_user"}
{"timestamp": "2026-04-08T09:29:07.358612", "action": "COMPLETE_TRIAD_SCAN", "scan_id": "scan_1775620740522", "qvs": 90}
{"timestamp": "2026-04-08T09:32:23.825013", "action": "START_TRIAD_SCAN", "target": "manipurrural.bank.in", "user": "hackathon_user"}
{"timestamp": "2026-04-08T09:32:28.907563", "action": "COMPLETE_TRIAD_SCAN", "scan_id": "scan_1775620943825", "qvs": 92}
{"timestamp": "2026-04-08T09:33:06.384612", "action": "START_TRIAD_SCAN", "target": "manipurrural.bank.in", "user": "hackathon_user"}
{"timestamp": "2026-04-08T09:33:11.345023", "action": "COMPLETE_TRIAD_SCAN", "scan_id": "scan_1775620986384", "qvs": 92}
{"timestamp": "2026-04-08T09:34:53.464598", "action": "START_TRIAD_SCAN", "target": "manipurrural.bank.in", "user": "hackathon_user"}
{"timestamp": "2026-04-08T09:34:57.684492", "action": "COMPLETE_TRIAD_SCAN", "scan_id": "scan_1775621093464", "qvs": 92}
{"timestamp": "2026-04-08T09:45:36.381779", "action": "START_TRIAD_SCAN", "target": "manipurrural.bank.in", "user": "hackathon_user"}
{"timestamp": "2026-04-08T09:45:40.255692", "action": "COMPLETE_TRIAD_SCAN", "scan_id": "scan_1775621736384", "qvs": 92}
{"timestamp": "2026-04-08T09:46:22.515347", "action": "START_TRIAD_SCAN", "target": "manipurrural.bank.in", "user": "hackathon_user"}
{"timestamp": "2026-04-08T09:46:25.369987", "action": "COMPLETE_TRIAD_SCAN", "scan_id": "scan_1775621782518", "qvs": 92}
{"timestamp": "2026-04-08T09:50:04.298864", "action": "START_TRIAD_SCAN", "target": "bankofbaroda.bank.in", "user": "hackathon_user"}
{"timestamp": "2026-04-08T09:50:09.065309", "action": "COMPLETE_TRIAD_SCAN", "scan_id": "scan_1775622004299", "qvs": 92}
{"timestamp": "2026-04-08T09:51:40.541804", "action": "START_TRIAD_SCAN", "target": "pnb.bank.in", "user": "hackathon_user"}
{"timestamp": "2026-04-08T09:51:45.848942", "action": "COMPLETE_TRIAD_SCAN", "scan_id": "scan_1775622100541", "qvs": 90}
{"timestamp": "2026-04-08T09:53:08.284896", "action": "START_TRIAD_SCAN", "target": "pnb.bank.in", "user": "hackathon_user"}
{"timestamp": "2026-04-08T09:53:12.437191", "action": "COMPLETE_TRIAD_SCAN", "scan_id": "scan_1775622188284", "qvs": 90}
{"timestamp": "2026-04-08T16:17:18.837264", "action": "START_TRIAD_SCAN", "target": "manipurrural.bank.in", "user": "hackathon_user"}
{"timestamp": "2026-04-08T16:17:23.904252", "action": "COMPLETE_TRIAD_SCAN", "scan_id": "scan_1775645238842", "qvs": 92}
{"timestamp": "2026-04-08T16:37:26.850426", "action": "START_TRIAD_SCAN", "target": "manipurrural.bank.in", "user": "hackathon_user"}
{"timestamp": "2026-04-08T16:37:30.625751", "action": "COMPLETE_TRIAD_SCAN", "scan_id": "scan_1775646446850", "qvs": 92}
{"timestamp": "2026-04-08T17:30:44.892191", "action": "START_TRIAD_SCAN", "target": "manipurrural.bank.in", "user": "hackathon_user"}
{"timestamp": "2026-04-08T17:30:49.667060", "action": "COMPLETE_TRIAD_SCAN", "scan_id": "scan_1775649645254", "qvs": 92}
{"timestamp": "2026-04-08T18:53:01.793265", "action": "START_TRIAD_SCAN", "target": "manipurrural.bank.in", "user": "hackathon_user"}
{"timestamp": "2026-04-08T18:53:05.444566", "action": "COMPLETE_TRIAD_SCAN", "scan_id": "scan_1775654581880", "qvs": 92}
{"timestamp": "2026-04-08T18:53:38.020806", "action": "START_TRIAD_SCAN", "target": "pnb.bank.in", "user": "hackathon_user"}
{"timestamp": "2026-04-08T18:53:42.850043", "action": "COMPLETE_TRIAD_SCAN", "scan_id": "scan_1775654618020", "qvs": 90}
{"timestamp": "2026-04-08T18:55:58.339022", "action": "START_TRIAD_SCAN", "target": "manipurrural.bank.in", "user": "hackathon_user"}
{"timestamp": "2026-04-08T18:56:02.083121", "action": "COMPLETE_TRIAD_SCAN", "scan_id": "scan_1775654758339", "qvs": 92}
{"timestamp": "2026-04-08T18:57:13.922573", "action": "START_TRIAD_SCAN", "target": "manipurrural.bank.in", "user": "hackathon_user"}
{"timestamp": "2026-04-08T18:57:17.113868", "action": "COMPLETE_TRIAD_SCAN", "scan_id": "scan_1775654833922", "qvs": 92}
{"timestamp": "2026-04-08T19:06:45.070681", "action": "START_TRIAD_SCAN", "target": "pnb.bank.in", "user": "hackathon_user"}
{"timestamp": "2026-04-08T19:06:52.080587", "action": "COMPLETE_TRIAD_SCAN", "scan_id": "scan_1775655405070", "qvs": 90}
{"timestamp": "2026-04-08T19:07:43.000775", "action": "START_TRIAD_SCAN", "target": "bankofbaroda.in", "user": "hackathon_user"}
{"timestamp": "2026-04-08T19:07:58.843484", "action": "COMPLETE_TRIAD_SCAN", "scan_id": "scan_1775655463000", "qvs": 92}
{"timestamp": "2026-04-08T19:08:55.416943", "action": "START_TRIAD_SCAN", "target": "pnb.bank.in", "user": "hackathon_user"}
{"timestamp": "2026-04-08T19:09:01.774817", "action": "COMPLETE_TRIAD_SCAN", "scan_id": "scan_1775655535420", "qvs": 90}
{"timestamp": "2026-04-08T19:09:20.177212", "action": "START_TRIAD_SCAN", "target": "manipurrural.bank.in", "user": "hackathon_user"}
{"timestamp": "2026-04-08T19:09:24.756555", "action": "COMPLETE_TRIAD_SCAN", "scan_id": "scan_1775655560177", "qvs": 92}
{"timestamp": "2026-04-08T19:14:55.448363", "action": "START_TRIAD_SCAN", "target": "pnb.bank.in", "user": "hackathon_user"}
{"timestamp": "2026-04-08T19:15:08.691430", "action": "COMPLETE_TRIAD_SCAN", "scan_id": "scan_1775655895448", "qvs": 90}
{"timestamp": "2026-04-08T19:15:35.920380", "action": "START_TRIAD_SCAN", "target": "manipurrural.bank.it", "user": "hackathon_user"}
{"timestamp": "2026-04-08T19:15:41.235098", "action": "COMPLETE_TRIAD_SCAN", "scan_id": "scan_1775655935920", "qvs": 82}
{"timestamp": "2026-04-08T19:15:51.896409", "action": "START_TRIAD_SCAN", "target": "manipurrural.bank.in", "user": "hackathon_user"}
{"timestamp": "2026-04-08T19:16:01.377349", "action": "COMPLETE_TRIAD_SCAN", "scan_id": "scan_1775655951896", "qvs": 92}
{"timestamp": "2026-04-08T19:33:13.846099", "action": "START_TRIAD_SCAN", "target": "manipurrural.bank.in", "user": "hackathon_user"}
{"timestamp": "2026-04-08T19:33:38.785412", "action": "COMPLETE_TRIAD_SCAN", "scan_id": "scan_1775656993846", "qvs": 92}
{"timestamp": "2026-04-08T19:40:07.528312", "action": "START_TRIAD_SCAN", "target": "manipurrural.bank.in", "user": "hackathon_user"}
{"timestamp": "2026-04-08T19:40:40.770636", "action": "COMPLETE_TRIAD_SCAN", "scan_id": "scan_1775657407528", "qvs": 92}
{"timestamp": "2026-04-08T19:47:48.071120", "action": "START_TRIAD_SCAN", "target": "manipurrural.bank.in", "user": "hackathon_user"}
{"timestamp": "2026-04-08T19:48:18.470994", "action": "COMPLETE_TRIAD_SCAN", "scan_id": "scan_1775657868071", "qvs": 92}
{"timestamp": "2026-04-08T20:03:30.059439", "action": "START_TRIAD_SCAN", "target": "manipurrural.bank.in", "user": "hackathon_user"}
{"timestamp": "2026-04-08T20:03:59.091221", "action": "COMPLETE_TRIAD_SCAN", "scan_id": "scan_1775658810059", "qvs": 92}
